<?xml version="1.0" encoding="UTF-8"?>
<!-- Generated by org.testng.reporters.JUnitReportReporter -->
<testsuite skipped="1" hostname="IN1252698W1" name="MyPractice.TC001_CreateLead" tests="4" failures="0" timestamp="2020-04-04T00:45:49 IST" time="90.597" errors="1">
  <testcase name="createLead" time="28.852" classname="MyPractice.TC001_CreateLead"/>
  <testcase name="createLead" time="40.809" classname="MyPractice.TC001_CreateLead">
    <skipped/>
  </testcase> <!-- createLead -->
  <testcase name="createLead" time="8.991" classname="MyPractice.TC001_CreateLead"/>
  <testcase name="Login" time="11.945" classname="MyPractice.TC001_CreateLead">
    <error type="org.openqa.selenium.SessionNotCreatedException" message="session not created
from chrome not reachable
  (Session info: chrome=80.0.3987.149)
Build info: version: &#039;3.141.59&#039;, revision: &#039;e82be7d358&#039;, time: &#039;2018-11-14T08:17:03&#039;
System info: host: &#039;IN1252698W1&#039;, ip: &#039;192.168.1.106&#039;, os.name: &#039;Windows 10&#039;, os.arch: &#039;amd64&#039;, os.version: &#039;10.0&#039;, java.version: &#039;1.8.0_171&#039;
Driver info: driver.version: ChromeDriver
remote stacktrace: Backtrace:
	Ordinal0 [0x0155A113+1548563]
	Ordinal0 [0x014DDDA1+1039777]
	Ordinal0 [0x0145E32E+516910]
	Ordinal0 [0x01458012+491538]
	Ordinal0 [0x014586EB+493291]
	Ordinal0 [0x01459855+497749]
	Ordinal0 [0x01455885+481413]
	Ordinal0 [0x0145F0D0+520400]
	Ordinal0 [0x0140C030+180272]
	Ordinal0 [0x0140B59D+177565]
	Ordinal0 [0x014095FB+169467]
	Ordinal0 [0x013F160A+71178]
	Ordinal0 [0x013F2690+75408]
	Ordinal0 [0x013F2629+75305]
	Ordinal0 [0x014F71B7+1143223]
	GetHandleVerifier [0x015F2B46+507814]
	GetHandleVerifier [0x015F2864+507076]
	GetHandleVerifier [0x015F9F47+537511]
	GetHandleVerifier [0x015F3402+510050]
	Ordinal0 [0x014EF29C+1110684]
	Ordinal0 [0x014F938B+1151883]
	Ordinal0 [0x014F94F3+1152243]
	Ordinal0 [0x014F83F5+1147893]
	BaseThreadInitThunk [0x761B8494+36]
	RtlAreBitsSet [0x770B41C8+136]
	RtlAreBitsSet [0x770B4198+88]
">
      <![CDATA[org.openqa.selenium.SessionNotCreatedException: session not created
from chrome not reachable
  (Session info: chrome=80.0.3987.149)
Build info: version: '3.141.59', revision: 'e82be7d358', time: '2018-11-14T08:17:03'
System info: host: 'IN1252698W1', ip: '192.168.1.106', os.name: 'Windows 10', os.arch: 'amd64', os.version: '10.0', java.version: '1.8.0_171'
Driver info: driver.version: ChromeDriver
remote stacktrace: Backtrace:
Ordinal0 [0x0155A113+1548563]
Ordinal0 [0x014DDDA1+1039777]
Ordinal0 [0x0145E32E+516910]
Ordinal0 [0x01458012+491538]
Ordinal0 [0x014586EB+493291]
Ordinal0 [0x01459855+497749]
Ordinal0 [0x01455885+481413]
Ordinal0 [0x0145F0D0+520400]
Ordinal0 [0x0140C030+180272]
Ordinal0 [0x0140B59D+177565]
Ordinal0 [0x014095FB+169467]
Ordinal0 [0x013F160A+71178]
Ordinal0 [0x013F2690+75408]
Ordinal0 [0x013F2629+75305]
Ordinal0 [0x014F71B7+1143223]
GetHandleVerifier [0x015F2B46+507814]
GetHandleVerifier [0x015F2864+507076]
GetHandleVerifier [0x015F9F47+537511]
GetHandleVerifier [0x015F3402+510050]
Ordinal0 [0x014EF29C+1110684]
Ordinal0 [0x014F938B+1151883]
Ordinal0 [0x014F94F3+1152243]
Ordinal0 [0x014F83F5+1147893]
BaseThreadInitThunk [0x761B8494+36]
RtlAreBitsSet [0x770B41C8+136]
RtlAreBitsSet [0x770B4198+88]

at sun.reflect.NativeConstructorAccessorImpl.newInstance0(Native Method)
at sun.reflect.NativeConstructorAccessorImpl.newInstance(Unknown Source)
at sun.reflect.DelegatingConstructorAccessorImpl.newInstance(Unknown Source)
at java.lang.reflect.Constructor.newInstance(Unknown Source)
at org.openqa.selenium.remote.W3CHandshakeResponse.lambda$errorHandler$0(W3CHandshakeResponse.java:62)
at org.openqa.selenium.remote.HandshakeResponse.lambda$getResponseFunction$0(HandshakeResponse.java:30)
at org.openqa.selenium.remote.ProtocolHandshake.lambda$createSession$0(ProtocolHandshake.java:126)
at java.util.stream.ReferencePipeline$3$1.accept(Unknown Source)
at java.util.Spliterators$ArraySpliterator.tryAdvance(Unknown Source)
at java.util.stream.ReferencePipeline.forEachWithCancel(Unknown Source)
at java.util.stream.AbstractPipeline.copyIntoWithCancel(Unknown Source)
at java.util.stream.AbstractPipeline.copyInto(Unknown Source)
at java.util.stream.AbstractPipeline.wrapAndCopyInto(Unknown Source)
at java.util.stream.FindOps$FindOp.evaluateSequential(Unknown Source)
at java.util.stream.AbstractPipeline.evaluate(Unknown Source)
at java.util.stream.ReferencePipeline.findFirst(Unknown Source)
at org.openqa.selenium.remote.ProtocolHandshake.createSession(ProtocolHandshake.java:128)
at org.openqa.selenium.remote.ProtocolHandshake.createSession(ProtocolHandshake.java:74)
at org.openqa.selenium.remote.HttpCommandExecutor.execute(HttpCommandExecutor.java:136)
at org.openqa.selenium.remote.service.DriverCommandExecutor.execute(DriverCommandExecutor.java:83)
at org.openqa.selenium.remote.RemoteWebDriver.execute(RemoteWebDriver.java:552)
at org.openqa.selenium.remote.RemoteWebDriver.startSession(RemoteWebDriver.java:213)
at org.openqa.selenium.remote.RemoteWebDriver.<init>(RemoteWebDriver.java:131)
at org.openqa.selenium.chrome.ChromeDriver.<init>(ChromeDriver.java:181)
at org.openqa.selenium.chrome.ChromeDriver.<init>(ChromeDriver.java:168)
at org.openqa.selenium.chrome.ChromeDriver.<init>(ChromeDriver.java:123)
at org.leaftaps.basic.ProjectSpecificMethods.Login(ProjectSpecificMethods.java:25)
at sun.reflect.NativeMethodAccessorImpl.invoke0(Native Method)
at sun.reflect.NativeMethodAccessorImpl.invoke(Unknown Source)
at sun.reflect.DelegatingMethodAccessorImpl.invoke(Unknown Source)
at java.lang.reflect.Method.invoke(Unknown Source)
at org.testng.internal.MethodInvocationHelper.invokeMethod(MethodInvocationHelper.java:133)
at org.testng.internal.MethodInvocationHelper.invokeMethodConsideringTimeout(MethodInvocationHelper.java:62)
at org.testng.internal.ConfigInvoker.invokeConfigurationMethod(ConfigInvoker.java:340)
at org.testng.internal.ConfigInvoker.invokeConfigurations(ConfigInvoker.java:294)
at org.testng.internal.TestInvoker.runConfigMethods(TestInvoker.java:683)
at org.testng.internal.TestInvoker.invokeMethod(TestInvoker.java:510)
at org.testng.internal.TestInvoker.invokeTestMethod(TestInvoker.java:172)
at org.testng.internal.MethodRunner.runInSequence(MethodRunner.java:46)
at org.testng.internal.TestInvoker$MethodInvocationAgent.invoke(TestInvoker.java:804)
at org.testng.internal.TestInvoker.invokeTestMethods(TestInvoker.java:145)
at org.testng.internal.TestMethodWorker.invokeTestMethods(TestMethodWorker.java:146)
at org.testng.internal.TestMethodWorker.run(TestMethodWorker.java:128)
at java.util.ArrayList.forEach(Unknown Source)
at org.testng.TestRunner.privateRun(TestRunner.java:770)
at org.testng.TestRunner.run(TestRunner.java:591)
at org.testng.SuiteRunner.runTest(SuiteRunner.java:402)
at org.testng.SuiteRunner.runSequentially(SuiteRunner.java:396)
at org.testng.SuiteRunner.privateRun(SuiteRunner.java:355)
at org.testng.SuiteRunner.run(SuiteRunner.java:304)
at org.testng.SuiteRunnerWorker.runSuite(SuiteRunnerWorker.java:53)
at org.testng.SuiteRunnerWorker.run(SuiteRunnerWorker.java:96)
at org.testng.TestNG.runSuitesSequentially(TestNG.java:1180)
at org.testng.TestNG.runSuitesLocally(TestNG.java:1102)
at org.testng.TestNG.runSuites(TestNG.java:1032)
at org.testng.TestNG.run(TestNG.java:1000)
at org.testng.remote.AbstractRemoteTestNG.run(AbstractRemoteTestNG.java:115)
at org.testng.remote.RemoteTestNG.initAndRun(RemoteTestNG.java:251)
at org.testng.remote.RemoteTestNG.main(RemoteTestNG.java:77)
]]>
    </error>
  </testcase> <!-- Login -->
</testsuite> <!-- MyPractice.TC001_CreateLead -->
